Determining if the pthread_create exist failed with the following output:
Change Dir: /home/luis/VT2/catkin_ws/build/staubli_rx160_moveit_config/CMakeFiles/CMakeTmp

Run Build Command:"/usr/bin/make" "cmTC_59124/fast"
/usr/bin/make -f CMakeFiles/cmTC_59124.dir/build.make CMakeFiles/cmTC_59124.dir/build
make[1]: Verzeichnis „/home/luis/VT2/catkin_ws/build/staubli_rx160_moveit_config/CMakeFiles/CMakeTmp“ wird betreten
Building C object CMakeFiles/cmTC_59124.dir/CheckSymbolExists.c.o
/usr/bin/cc     -o CMakeFiles/cmTC_59124.dir/CheckSymbolExists.c.o   -c /home/luis/VT2/catkin_ws/build/staubli_rx160_moveit_config/CMakeFiles/CMakeTmp/CheckSymbolExists.c
Linking C executable cmTC_59124
/usr/bin/cmake -E cmake_link_script CMakeFiles/cmTC_59124.dir/link.txt --verbose=1
/usr/bin/cc       CMakeFiles/cmTC_59124.dir/CheckSymbolExists.c.o  -o cmTC_59124 -rdynamic 
CMakeFiles/cmTC_59124.dir/CheckSymbolExists.c.o: In Funktion `main':
CheckSymbolExists.c:(.text+0x16): Nicht definierter Verweis auf `pthread_create'
collect2: error: ld returned 1 exit status
CMakeFiles/cmTC_59124.dir/build.make:97: die Regel für Ziel „cmTC_59124“ scheiterte
make[1]: *** [cmTC_59124] Fehler 1
make[1]: Verzeichnis „/home/luis/VT2/catkin_ws/build/staubli_rx160_moveit_config/CMakeFiles/CMakeTmp“ wird verlassen
Makefile:126: die Regel für Ziel „cmTC_59124/fast“ scheiterte
make: *** [cmTC_59124/fast] Fehler 2

File /home/luis/VT2/catkin_ws/build/staubli_rx160_moveit_config/CMakeFiles/CMakeTmp/CheckSymbolExists.c:
/* */
#include <pthread.h>

int main(int argc, char** argv)
{
  (void)argv;
#ifndef pthread_create
  return ((int*)(&pthread_create))[argc];
#else
  (void)argc;
  return 0;
#endif
}

Determining if the function pthread_create exists in the pthreads failed with the following output:
Change Dir: /home/luis/VT2/catkin_ws/build/staubli_rx160_moveit_config/CMakeFiles/CMakeTmp

Run Build Command:"/usr/bin/make" "cmTC_561de/fast"
/usr/bin/make -f CMakeFiles/cmTC_561de.dir/build.make CMakeFiles/cmTC_561de.dir/build
make[1]: Verzeichnis „/home/luis/VT2/catkin_ws/build/staubli_rx160_moveit_config/CMakeFiles/CMakeTmp“ wird betreten
Building C object CMakeFiles/cmTC_561de.dir/CheckFunctionExists.c.o
/usr/bin/cc    -DCHECK_FUNCTION_EXISTS=pthread_create   -o CMakeFiles/cmTC_561de.dir/CheckFunctionExists.c.o   -c /usr/share/cmake-3.5/Modules/CheckFunctionExists.c
Linking C executable cmTC_561de
/usr/bin/cmake -E cmake_link_script CMakeFiles/cmTC_561de.dir/link.txt --verbose=1
/usr/bin/cc   -DCHECK_FUNCTION_EXISTS=pthread_create    CMakeFiles/cmTC_561de.dir/CheckFunctionExists.c.o  -o cmTC_561de -rdynamic -lpthreads 
/usr/bin/ld: cannot find -lpthreads
collect2: error: ld returned 1 exit status
CMakeFiles/cmTC_561de.dir/build.make:97: die Regel für Ziel „cmTC_561de“ scheiterte
make[1]: *** [cmTC_561de] Fehler 1
make[1]: Verzeichnis „/home/luis/VT2/catkin_ws/build/staubli_rx160_moveit_config/CMakeFiles/CMakeTmp“ wird verlassen
Makefile:126: die Regel für Ziel „cmTC_561de/fast“ scheiterte
make: *** [cmTC_561de/fast] Fehler 2


